#! /usr/bin/vvp
:ivl_version "11.0 (stable)";
:ivl_delay_selection "TYPICAL";
:vpi_time_precision + 0;
:vpi_module "/usr/lib/x86_64-linux-gnu/ivl/system.vpi";
:vpi_module "/usr/lib/x86_64-linux-gnu/ivl/vhdl_sys.vpi";
:vpi_module "/usr/lib/x86_64-linux-gnu/ivl/vhdl_textio.vpi";
:vpi_module "/usr/lib/x86_64-linux-gnu/ivl/v2005_math.vpi";
:vpi_module "/usr/lib/x86_64-linux-gnu/ivl/va_math.vpi";
S_0x5ec004d6dd90 .scope module, "alu" "alu" 2 1;
 .timescale 0 0;
    .port_info 0 /INPUT 8 "i_data";
    .port_info 1 /INPUT 1 "i_enable_1";
    .port_info 2 /INPUT 1 "i_enable_2";
    .port_info 3 /INPUT 1 "i_enable_3";
    .port_info 4 /INPUT 1 "i_clk";
    .port_info 5 /INPUT 1 "i_reset";
    .port_info 6 /OUTPUT 8 "o_data";
    .port_info 7 /OUTPUT 1 "o_carry";
    .port_info 8 /OUTPUT 1 "o_zero";
P_0x5ec004d6e8c0 .param/l "NB_data" 0 2 2, +C4<00000000000000000000000000001000>;
v0x5ec004d6e050_0 .var "alu_op_carry", 8 0;
v0x5ec004dc4320_0 .var "alu_result", 7 0;
v0x5ec004dc4400_0 .var "data_1", 7 0;
v0x5ec004dc44c0_0 .var "data_2", 7 0;
v0x5ec004dc45a0_0 .var "data_3", 5 0;
o0x73c4e7b9f108 .functor BUFZ 1, C4<z>; HiZ drive
v0x5ec004dc46d0_0 .net "i_clk", 0 0, o0x73c4e7b9f108;  0 drivers
o0x73c4e7b9f138 .functor BUFZ 8, C4<zzzzzzzz>; HiZ drive
v0x5ec004dc4790_0 .net "i_data", 7 0, o0x73c4e7b9f138;  0 drivers
o0x73c4e7b9f168 .functor BUFZ 1, C4<z>; HiZ drive
v0x5ec004dc4870_0 .net "i_enable_1", 0 0, o0x73c4e7b9f168;  0 drivers
o0x73c4e7b9f198 .functor BUFZ 1, C4<z>; HiZ drive
v0x5ec004dc4930_0 .net "i_enable_2", 0 0, o0x73c4e7b9f198;  0 drivers
o0x73c4e7b9f1c8 .functor BUFZ 1, C4<z>; HiZ drive
v0x5ec004dc49f0_0 .net "i_enable_3", 0 0, o0x73c4e7b9f1c8;  0 drivers
o0x73c4e7b9f1f8 .functor BUFZ 1, C4<z>; HiZ drive
v0x5ec004dc4ab0_0 .net "i_reset", 0 0, o0x73c4e7b9f1f8;  0 drivers
v0x5ec004dc4b70_0 .var "o_carry", 0 0;
v0x5ec004dc4c30_0 .var "o_data", 7 0;
v0x5ec004dc4d10_0 .var "o_zero", 0 0;
E_0x5ec004da6e90/0 .event edge, v0x5ec004dc4ab0_0, v0x5ec004dc45a0_0, v0x5ec004dc4400_0, v0x5ec004dc44c0_0;
E_0x5ec004da6e90/1 .event edge, v0x5ec004d6e050_0, v0x5ec004dc4320_0;
E_0x5ec004da6e90 .event/or E_0x5ec004da6e90/0, E_0x5ec004da6e90/1;
E_0x5ec004da6bf0 .event posedge, v0x5ec004dc46d0_0;
    .scope S_0x5ec004d6dd90;
T_0 ;
    %wait E_0x5ec004da6bf0;
    %load/vec4 v0x5ec004dc4870_0;
    %flag_set/vec4 8;
    %jmp/0xz  T_0.0, 8;
    %load/vec4 v0x5ec004dc4790_0;
    %assign/vec4 v0x5ec004dc4400_0, 0;
    %jmp T_0.1;
T_0.0 ;
    %load/vec4 v0x5ec004dc4930_0;
    %flag_set/vec4 8;
    %jmp/0xz  T_0.2, 8;
    %load/vec4 v0x5ec004dc4790_0;
    %assign/vec4 v0x5ec004dc44c0_0, 0;
    %jmp T_0.3;
T_0.2 ;
    %load/vec4 v0x5ec004dc49f0_0;
    %flag_set/vec4 8;
    %jmp/0xz  T_0.4, 8;
    %load/vec4 v0x5ec004dc4790_0;
    %parti/s 6, 2, 3;
    %assign/vec4 v0x5ec004dc45a0_0, 0;
T_0.4 ;
T_0.3 ;
T_0.1 ;
    %jmp T_0;
    .thread T_0;
    .scope S_0x5ec004d6dd90;
T_1 ;
    %wait E_0x5ec004da6e90;
    %load/vec4 v0x5ec004dc4ab0_0;
    %flag_set/vec4 8;
    %jmp/0xz  T_1.0, 8;
    %pushi/vec4 0, 0, 8;
    %store/vec4 v0x5ec004dc4320_0, 0, 8;
    %pushi/vec4 0, 0, 8;
    %store/vec4 v0x5ec004dc4400_0, 0, 8;
    %pushi/vec4 0, 0, 8;
    %store/vec4 v0x5ec004dc44c0_0, 0, 8;
    %pushi/vec4 0, 0, 6;
    %store/vec4 v0x5ec004dc45a0_0, 0, 6;
    %pushi/vec4 0, 0, 1;
    %store/vec4 v0x5ec004dc4b70_0, 0, 1;
    %pushi/vec4 0, 0, 1;
    %store/vec4 v0x5ec004dc4d10_0, 0, 1;
T_1.0 ;
    %load/vec4 v0x5ec004dc45a0_0;
    %dup/vec4;
    %pushi/vec4 32, 0, 6;
    %cmp/u;
    %jmp/1 T_1.2, 6;
    %dup/vec4;
    %pushi/vec4 34, 0, 6;
    %cmp/u;
    %jmp/1 T_1.3, 6;
    %dup/vec4;
    %pushi/vec4 36, 0, 6;
    %cmp/u;
    %jmp/1 T_1.4, 6;
    %dup/vec4;
    %pushi/vec4 37, 0, 6;
    %cmp/u;
    %jmp/1 T_1.5, 6;
    %dup/vec4;
    %pushi/vec4 39, 0, 6;
    %cmp/u;
    %jmp/1 T_1.6, 6;
    %dup/vec4;
    %pushi/vec4 38, 0, 6;
    %cmp/u;
    %jmp/1 T_1.7, 6;
    %dup/vec4;
    %pushi/vec4 2, 0, 6;
    %cmp/u;
    %jmp/1 T_1.8, 6;
    %dup/vec4;
    %pushi/vec4 3, 0, 6;
    %cmp/u;
    %jmp/1 T_1.9, 6;
    %pushi/vec4 0, 0, 10;
    %split/vec4 8;
    %store/vec4 v0x5ec004dc4320_0, 0, 8;
    %split/vec4 1;
    %store/vec4 v0x5ec004dc4d10_0, 0, 1;
    %store/vec4 v0x5ec004dc4b70_0, 0, 1;
    %jmp T_1.11;
T_1.2 ;
    %load/vec4 v0x5ec004dc4400_0;
    %pad/u 9;
    %load/vec4 v0x5ec004dc44c0_0;
    %pad/u 9;
    %add;
    %store/vec4 v0x5ec004d6e050_0, 0, 9;
    %load/vec4 v0x5ec004d6e050_0;
    %parti/s 8, 0, 2;
    %store/vec4 v0x5ec004dc4320_0, 0, 8;
    %load/vec4 v0x5ec004d6e050_0;
    %parti/s 1, 8, 5;
    %store/vec4 v0x5ec004dc4b70_0, 0, 1;
    %jmp T_1.11;
T_1.3 ;
    %pushi/vec4 0, 0, 1;
    %load/vec4 v0x5ec004dc4400_0;
    %concat/vec4; draw_concat_vec4
    %pushi/vec4 0, 0, 1;
    %load/vec4 v0x5ec004dc44c0_0;
    %concat/vec4; draw_concat_vec4
    %sub;
    %store/vec4 v0x5ec004d6e050_0, 0, 9;
    %load/vec4 v0x5ec004d6e050_0;
    %parti/s 8, 0, 2;
    %store/vec4 v0x5ec004dc4320_0, 0, 8;
    %load/vec4 v0x5ec004d6e050_0;
    %parti/s 1, 8, 5;
    %inv;
    %store/vec4 v0x5ec004dc4b70_0, 0, 1;
    %jmp T_1.11;
T_1.4 ;
    %load/vec4 v0x5ec004dc4400_0;
    %load/vec4 v0x5ec004dc44c0_0;
    %and;
    %store/vec4 v0x5ec004dc4320_0, 0, 8;
    %pushi/vec4 0, 0, 1;
    %store/vec4 v0x5ec004dc4b70_0, 0, 1;
    %jmp T_1.11;
T_1.5 ;
    %load/vec4 v0x5ec004dc4400_0;
    %load/vec4 v0x5ec004dc44c0_0;
    %or;
    %store/vec4 v0x5ec004dc4320_0, 0, 8;
    %pushi/vec4 0, 0, 1;
    %store/vec4 v0x5ec004dc4b70_0, 0, 1;
    %jmp T_1.11;
T_1.6 ;
    %load/vec4 v0x5ec004dc4400_0;
    %load/vec4 v0x5ec004dc44c0_0;
    %or;
    %inv;
    %store/vec4 v0x5ec004dc4320_0, 0, 8;
    %pushi/vec4 0, 0, 1;
    %store/vec4 v0x5ec004dc4b70_0, 0, 1;
    %jmp T_1.11;
T_1.7 ;
    %load/vec4 v0x5ec004dc4400_0;
    %load/vec4 v0x5ec004dc44c0_0;
    %xor;
    %store/vec4 v0x5ec004dc4320_0, 0, 8;
    %pushi/vec4 0, 0, 1;
    %store/vec4 v0x5ec004dc4b70_0, 0, 1;
    %jmp T_1.11;
T_1.8 ;
    %load/vec4 v0x5ec004dc4400_0;
    %load/vec4 v0x5ec004dc44c0_0;
    %parti/s 2, 6, 4;
    %ix/vec4 4;
    %shiftr 4;
    %store/vec4 v0x5ec004dc4320_0, 0, 8;
    %pushi/vec4 0, 0, 1;
    %store/vec4 v0x5ec004dc4b70_0, 0, 1;
    %jmp T_1.11;
T_1.9 ;
    %load/vec4 v0x5ec004dc4400_0;
    %load/vec4 v0x5ec004dc44c0_0;
    %parti/s 2, 6, 4;
    %ix/vec4 4;
    %shiftr 4;
    %store/vec4 v0x5ec004dc4320_0, 0, 8;
    %pushi/vec4 0, 0, 1;
    %store/vec4 v0x5ec004dc4b70_0, 0, 1;
    %jmp T_1.11;
T_1.11 ;
    %pop/vec4 1;
    %load/vec4 v0x5ec004dc4320_0;
    %cmpi/e 0, 0, 8;
    %flag_mov 8, 4;
    %jmp/0 T_1.12, 8;
    %pushi/vec4 1, 0, 1;
    %jmp/1 T_1.13, 8;
T_1.12 ; End of true expr.
    %pushi/vec4 0, 0, 1;
    %jmp/0 T_1.13, 8;
 ; End of false expr.
    %blend;
T_1.13;
    %store/vec4 v0x5ec004dc4d10_0, 0, 1;
    %jmp T_1;
    .thread T_1, $push;
# The file index is used to find the file name in the following table.
:file_names 3;
    "N/A";
    "<interactive>";
    "alu.v";
