#! /usr/bin/vvp
:ivl_version "12.0 (stable)";
:ivl_delay_selection "TYPICAL";
:vpi_time_precision - 12;
:vpi_module "/usr/lib/x86_64-linux-gnu/ivl/system.vpi";
:vpi_module "/usr/lib/x86_64-linux-gnu/ivl/vhdl_sys.vpi";
:vpi_module "/usr/lib/x86_64-linux-gnu/ivl/vhdl_textio.vpi";
:vpi_module "/usr/lib/x86_64-linux-gnu/ivl/v2005_math.vpi";
:vpi_module "/usr/lib/x86_64-linux-gnu/ivl/va_math.vpi";
S_0x55c65399b380 .scope module, "tb_top" "tb_top" 2 3;
 .timescale -9 -12;
P_0x55c65399b510 .param/l "BAUD_RATE" 1 2 7, +C4<00000000000000000010010110000000>;
P_0x55c65399b550 .param/l "BIT_PERIOD" 1 2 8, +C4<00000000000000011001011011100110>;
P_0x55c65399b590 .param/l "CLK_FREQ" 1 2 6, +C4<00000101111101011110000100000000>;
v0x55c6539bd650_0 .var "clk", 0 0;
v0x55c6539bd710_0 .var "reset", 0 0;
v0x55c6539bd7d0_0 .var "rx_serial", 0 0;
v0x55c6539bd8c0_0 .net "tx_serial", 0 0, L_0x55c6539bdf40;  1 drivers
S_0x55c653956e80 .scope task, "uart_write_byte" "uart_write_byte" 2 58, 2 58 0, S_0x55c65399b380;
 .timescale -9 -12;
v0x55c653999ec0_0 .var "data", 7 0;
v0x55c653995f20_0 .var/i "i", 31 0;
TD_tb_top.uart_write_byte ;
    %pushi/vec4 0, 0, 1;
    %store/vec4 v0x55c6539bd7d0_0, 0, 1;
    %delay 104166000, 0;
    %pushi/vec4 0, 0, 32;
    %store/vec4 v0x55c653995f20_0, 0, 32;
T_0.0 ;
    %load/vec4 v0x55c653995f20_0;
    %cmpi/s 8, 0, 32;
    %jmp/0xz T_0.1, 5;
    %load/vec4 v0x55c653999ec0_0;
    %load/vec4 v0x55c653995f20_0;
    %part/s 1;
    %store/vec4 v0x55c6539bd7d0_0, 0, 1;
    %delay 104166000, 0;
    %load/vec4 v0x55c653995f20_0;
    %addi 1, 0, 32;
    %store/vec4 v0x55c653995f20_0, 0, 32;
    %jmp T_0.0;
T_0.1 ;
    %pushi/vec4 1, 0, 1;
    %store/vec4 v0x55c6539bd7d0_0, 0, 1;
    %delay 104166000, 0;
    %end;
S_0x55c6539b4f00 .scope module, "uut" "top" 2 17, 3 3 0, S_0x55c65399b380;
 .timescale -9 -12;
    .port_info 0 /INPUT 1 "clk";
    .port_info 1 /INPUT 1 "reset";
    .port_info 2 /INPUT 1 "rx_serial";
    .port_info 3 /OUTPUT 1 "tx_serial";
P_0x55c653936500 .param/l "BAUD" 0 3 6, +C4<00000000000000000010010110000000>;
P_0x55c653936540 .param/l "CLK_FREQ" 0 3 5, +C4<00000101111101011110000100000000>;
P_0x55c653936580 .param/l "NB_DATA" 0 3 4, +C4<00000000000000000000000000001000>;
P_0x55c6539365c0 .param/l "START_FSM" 0 3 7, C4<11111111>;
L_0x55c653995e00 .functor BUFZ 1, v0x55c6539bc910_0, C4<0>, C4<0>, C4<0>;
L_0x55c6539bde00 .functor AND 1, v0x55c6539ba660_0, L_0x55c6539bdd60, C4<1>, C4<1>;
v0x55c6539bc2f0_0 .net *"_ivl_5", 0 0, L_0x55c6539bdd60;  1 drivers
v0x55c6539bc3d0_0 .net "alu_a", 7 0, v0x55c6539b6e40_0;  1 drivers
v0x55c6539bc490_0 .net "alu_b", 7 0, v0x55c6539b6f20_0;  1 drivers
v0x55c6539bc580_0 .net "alu_carry", 0 0, v0x55c6539b5960_0;  1 drivers
v0x55c6539bc620_0 .net "alu_op", 5 0, v0x55c6539b6ff0_0;  1 drivers
v0x55c6539bc760_0 .net "alu_result", 7 0, v0x55c6539b5a20_0;  1 drivers
v0x55c6539bc870_0 .net "alu_start", 0 0, v0x55c6539b71c0_0;  1 drivers
v0x55c6539bc910_0 .var "alu_start_d1", 0 0;
v0x55c6539bc9b0_0 .net "alu_valid", 0 0, L_0x55c653995e00;  1 drivers
v0x55c6539bca50_0 .net "alu_zero", 0 0, v0x55c6539b5b00_0;  1 drivers
v0x55c6539bcaf0_0 .net "clk", 0 0, v0x55c6539bd650_0;  1 drivers
v0x55c6539bcb90_0 .net "fifo_data_out", 7 0, L_0x55c653989390;  1 drivers
v0x55c6539bcc30_0 .net "fifo_empty", 0 0, L_0x55c6539bdcf0;  1 drivers
v0x55c6539bcd20_0 .net "fifo_full", 0 0, v0x55c6539b8e10_0;  1 drivers
v0x55c6539bcdc0_0 .net "fifo_rd", 0 0, v0x55c6539b7730_0;  1 drivers
v0x55c6539bceb0_0 .net "reset", 0 0, v0x55c6539bd710_0;  1 drivers
v0x55c6539bcf50_0 .net "rx_data_out", 7 0, L_0x55c6539849f0;  1 drivers
v0x55c6539bd150_0 .net "rx_done_tick", 0 0, v0x55c6539ba660_0;  1 drivers
v0x55c6539bd1f0_0 .net "rx_serial", 0 0, v0x55c6539bd7d0_0;  1 drivers
v0x55c6539bd290_0 .net "s_tick", 0 0, v0x55c6539b6370_0;  1 drivers
v0x55c6539bd330_0 .net "tx_data_in", 7 0, v0x55c6539b74b0_0;  1 drivers
L_0x7c268d46e018 .functor BUFT 1, C4<0>, C4<0>, C4<0>, C4<0>;
v0x55c6539bd420_0 .net "tx_full", 0 0, L_0x7c268d46e018;  1 drivers
v0x55c6539bd4c0_0 .net "tx_serial", 0 0, L_0x55c6539bdf40;  alias, 1 drivers
v0x55c6539bd5b0_0 .net "tx_wr", 0 0, v0x55c6539b7ed0_0;  1 drivers
L_0x55c6539bdd60 .reduce/nor v0x55c6539b8e10_0;
S_0x55c6539b52a0 .scope module, "alu_inst" "alu" 3 129, 4 1 0, S_0x55c6539b4f00;
 .timescale -9 -12;
    .port_info 0 /INPUT 8 "data_1";
    .port_info 1 /INPUT 8 "data_2";
    .port_info 2 /INPUT 6 "data_3";
    .port_info 3 /OUTPUT 8 "o_data";
    .port_info 4 /OUTPUT 1 "o_carry";
    .port_info 5 /OUTPUT 1 "o_zero";
P_0x55c6539b54a0 .param/l "NB_DATA" 0 4 2, +C4<00000000000000000000000000001000>;
v0x55c6539894b0_0 .var "alu_op_carry", 8 0;
v0x55c65398e7f0_0 .var "alu_result", 7 0;
v0x55c6539b5660_0 .net "data_1", 7 0, v0x55c6539b6e40_0;  alias, 1 drivers
v0x55c6539b5750_0 .net "data_2", 7 0, v0x55c6539b6f20_0;  alias, 1 drivers
v0x55c6539b5830_0 .net "data_3", 5 0, v0x55c6539b6ff0_0;  alias, 1 drivers
v0x55c6539b5960_0 .var "o_carry", 0 0;
v0x55c6539b5a20_0 .var "o_data", 7 0;
v0x55c6539b5b00_0 .var "o_zero", 0 0;
E_0x55c65397b170/0 .event anyedge, v0x55c6539b5830_0, v0x55c6539b5660_0, v0x55c6539b5750_0, v0x55c6539894b0_0;
E_0x55c65397b170/1 .event anyedge, v0x55c65398e7f0_0;
E_0x55c65397b170 .event/or E_0x55c65397b170/0, E_0x55c65397b170/1;
S_0x55c6539b5c80 .scope module, "baud_gen_inst" "baud_rate_gen" 3 72, 5 3 0, S_0x55c6539b4f00;
 .timescale -9 -12;
    .port_info 0 /INPUT 1 "clk";
    .port_info 1 /INPUT 1 "reset";
    .port_info 2 /OUTPUT 1 "tick";
P_0x55c653999fc0 .param/l "BAUD" 0 5 5, +C4<00000000000000000010010110000000>;
P_0x55c65399a000 .param/l "CLK_FREQ" 0 5 4, +C4<00000101111101011110000100000000>;
P_0x55c65399a040 .param/l "DIVISOR" 1 5 13, +C4<00000000000000000000001010001011>;
P_0x55c65399a080 .param/l "NB_COUNT" 1 5 14, +C4<00000000000000000000000000001010>;
v0x55c6539b60e0_0 .net "clk", 0 0, v0x55c6539bd650_0;  alias, 1 drivers
v0x55c6539b61c0_0 .var "count_reg", 9 0;
v0x55c6539b62a0_0 .net "reset", 0 0, v0x55c6539bd710_0;  alias, 1 drivers
v0x55c6539b6370_0 .var "tick", 0 0;
E_0x55c65397ab70 .event posedge, v0x55c6539b60e0_0;
S_0x55c6539b64b0 .scope module, "interface_inst" "interface" 3 109, 6 1 0, S_0x55c6539b4f00;
 .timescale -9 -12;
    .port_info 0 /INPUT 1 "clk";
    .port_info 1 /INPUT 1 "reset";
    .port_info 2 /INPUT 8 "data_rx";
    .port_info 3 /INPUT 1 "empty_rx";
    .port_info 4 /OUTPUT 1 "rd";
    .port_info 5 /INPUT 1 "tx_full";
    .port_info 6 /OUTPUT 1 "wr_tx";
    .port_info 7 /OUTPUT 8 "data_tx";
    .port_info 8 /INPUT 8 "alu_result";
    .port_info 9 /INPUT 1 "alu_valid";
    .port_info 10 /OUTPUT 1 "alu_start";
    .port_info 11 /OUTPUT 6 "alu_op";
    .port_info 12 /OUTPUT 8 "alu_a";
    .port_info 13 /OUTPUT 8 "alu_b";
P_0x55c6539b66c0 .param/l "GET_A" 1 6 30, C4<000010>;
P_0x55c6539b6700 .param/l "GET_B" 1 6 31, C4<000100>;
P_0x55c6539b6740 .param/l "GET_OP" 1 6 32, C4<001000>;
P_0x55c6539b6780 .param/l "NB_DATA" 0 6 2, +C4<00000000000000000000000000001000>;
P_0x55c6539b67c0 .param/l "SEND" 1 6 34, C4<100000>;
P_0x55c6539b6800 .param/l "START" 1 6 33, C4<010000>;
P_0x55c6539b6840 .param/l "START_FSM" 0 6 3, C4<11111111>;
P_0x55c6539b6880 .param/l "WAIT" 1 6 29, C4<000001>;
v0x55c6539b6e40_0 .var "alu_a", 7 0;
v0x55c6539b6f20_0 .var "alu_b", 7 0;
v0x55c6539b6ff0_0 .var "alu_op", 5 0;
v0x55c6539b70f0_0 .net "alu_result", 7 0, v0x55c6539b5a20_0;  alias, 1 drivers
v0x55c6539b71c0_0 .var "alu_start", 0 0;
v0x55c6539b72b0_0 .net "alu_valid", 0 0, L_0x55c653995e00;  alias, 1 drivers
v0x55c6539b7350_0 .net "clk", 0 0, v0x55c6539bd650_0;  alias, 1 drivers
v0x55c6539b73f0_0 .net "data_rx", 7 0, L_0x55c653989390;  alias, 1 drivers
v0x55c6539b74b0_0 .var "data_tx", 7 0;
v0x55c6539b7590_0 .net "empty_rx", 0 0, L_0x55c6539bdcf0;  alias, 1 drivers
v0x55c6539b7650_0 .var "next_state", 5 0;
v0x55c6539b7730_0 .var "rd", 0 0;
v0x55c6539b77f0_0 .var "reg_a", 7 0;
v0x55c6539b78d0_0 .var "reg_b", 7 0;
v0x55c6539b79b0_0 .var "reg_op", 5 0;
v0x55c6539b7a90_0 .var "reg_result", 7 0;
v0x55c6539b7b70_0 .net "reset", 0 0, v0x55c6539bd710_0;  alias, 1 drivers
v0x55c6539b7d50_0 .var "state", 5 0;
v0x55c6539b7e10_0 .net "tx_full", 0 0, L_0x7c268d46e018;  alias, 1 drivers
v0x55c6539b7ed0_0 .var "wr_tx", 0 0;
E_0x55c653923230/0 .event anyedge, v0x55c6539b79b0_0, v0x55c6539b77f0_0, v0x55c6539b78d0_0, v0x55c6539b7d50_0;
E_0x55c653923230/1 .event anyedge, v0x55c6539b7590_0, v0x55c6539b7e10_0, v0x55c6539b7a90_0;
E_0x55c653923230 .event/or E_0x55c653923230/0, E_0x55c653923230/1;
E_0x55c65399af50/0 .event anyedge, v0x55c6539b7d50_0, v0x55c6539b73f0_0, v0x55c6539b7590_0, v0x55c6539b72b0_0;
E_0x55c65399af50/1 .event anyedge, v0x55c6539b7e10_0;
E_0x55c65399af50 .event/or E_0x55c65399af50/0, E_0x55c65399af50/1;
S_0x55c6539b8150 .scope module, "rx_fifo_inst" "rx_fifo" 3 94, 7 3 0, S_0x55c6539b4f00;
 .timescale -9 -12;
    .port_info 0 /INPUT 1 "clk";
    .port_info 1 /INPUT 1 "reset";
    .port_info 2 /INPUT 1 "rd";
    .port_info 3 /INPUT 1 "wr";
    .port_info 4 /INPUT 8 "w_data";
    .port_info 5 /OUTPUT 1 "empty";
    .port_info 6 /OUTPUT 1 "full";
    .port_info 7 /OUTPUT 8 "r_data";
P_0x55c65399a940 .param/l "B" 0 7 4, +C4<00000000000000000000000000001000>;
P_0x55c65399a980 .param/l "W" 0 7 5, +C4<00000000000000000000000000000100>;
L_0x55c653989390 .functor BUFZ 8, L_0x55c6539bda20, C4<00000000>, C4<00000000>, C4<00000000>;
L_0x55c6539bdcf0 .functor BUFZ 1, v0x55c6539b8bd0_0, C4<0>, C4<0>, C4<0>;
v0x55c6539b85c0_0 .net *"_ivl_0", 7 0, L_0x55c6539bda20;  1 drivers
v0x55c6539b86c0_0 .net *"_ivl_2", 5 0, L_0x55c6539bdae0;  1 drivers
L_0x7c268d46e060 .functor BUFT 1, C4<00>, C4<0>, C4<0>, C4<0>;
v0x55c6539b87a0_0 .net *"_ivl_5", 1 0, L_0x7c268d46e060;  1 drivers
v0x55c6539b8890 .array "array_reg", 0 15, 7 0;
v0x55c6539b8950_0 .net "clk", 0 0, v0x55c6539bd650_0;  alias, 1 drivers
v0x55c6539b8a90_0 .net "empty", 0 0, L_0x55c6539bdcf0;  alias, 1 drivers
v0x55c6539b8b30_0 .var "empty_next", 0 0;
v0x55c6539b8bd0_0 .var "empty_reg", 0 0;
v0x55c6539b8c90_0 .net "full", 0 0, v0x55c6539b8e10_0;  alias, 1 drivers
v0x55c6539b8d50_0 .var "full_next", 0 0;
v0x55c6539b8e10_0 .var "full_reg", 0 0;
v0x55c6539b8ed0_0 .net "r_data", 7 0, L_0x55c653989390;  alias, 1 drivers
v0x55c6539b8f90_0 .var "r_ptr_next", 3 0;
v0x55c6539b9050_0 .var "r_ptr_reg", 3 0;
v0x55c6539b9130_0 .net "rd", 0 0, v0x55c6539b7730_0;  alias, 1 drivers
v0x55c6539b9200_0 .net "reset", 0 0, v0x55c6539bd710_0;  alias, 1 drivers
v0x55c6539b92a0_0 .net "w_data", 7 0, L_0x55c6539849f0;  alias, 1 drivers
v0x55c6539b9470_0 .var "w_ptr_next", 3 0;
v0x55c6539b9550_0 .var "w_ptr_reg", 3 0;
v0x55c6539b9630_0 .net "wr", 0 0, L_0x55c6539bde00;  1 drivers
E_0x55c65399af10/0 .event anyedge, v0x55c6539b9550_0, v0x55c6539b9050_0, v0x55c6539b8e10_0, v0x55c6539b8bd0_0;
E_0x55c65399af10/1 .event anyedge, v0x55c6539b9630_0, v0x55c6539b7730_0;
E_0x55c65399af10 .event/or E_0x55c65399af10/0, E_0x55c65399af10/1;
E_0x55c6539b8560 .event posedge, v0x55c6539b62a0_0, v0x55c6539b60e0_0;
L_0x55c6539bda20 .array/port v0x55c6539b8890, L_0x55c6539bdae0;
L_0x55c6539bdae0 .concat [ 4 2 0 0], v0x55c6539b9050_0, L_0x7c268d46e060;
S_0x55c6539b9840 .scope module, "uart_rx_inst" "uart_rx" 3 81, 8 1 0, S_0x55c6539b4f00;
 .timescale -9 -12;
    .port_info 0 /INPUT 1 "clk";
    .port_info 1 /INPUT 1 "reset";
    .port_info 2 /INPUT 1 "rx";
    .port_info 3 /INPUT 1 "s_tick";
    .port_info 4 /OUTPUT 1 "rx_done_tick";
    .port_info 5 /OUTPUT 8 "data_out";
P_0x55c6539b9a20 .param/l "DATA" 1 8 23, C4<10>;
P_0x55c6539b9a60 .param/l "IDLE" 1 8 21, C4<00>;
P_0x55c6539b9aa0 .param/l "NB_DATA" 0 8 2, +C4<00000000000000000000000000001000>;
P_0x55c6539b9ae0 .param/l "START" 1 8 22, C4<01>;
P_0x55c6539b9b20 .param/l "STOP" 1 8 24, C4<11>;
P_0x55c6539b9b60 .param/l "S_TICK" 0 8 3, +C4<00000000000000000000000000010000>;
L_0x55c6539849f0 .functor BUFZ 8, v0x55c6539ba230_0, C4<00000000>, C4<00000000>, C4<00000000>;
v0x55c6539b9f90_0 .net "clk", 0 0, v0x55c6539bd650_0;  alias, 1 drivers
v0x55c6539ba050_0 .var "data_next", 7 0;
v0x55c6539ba130_0 .net "data_out", 7 0, L_0x55c6539849f0;  alias, 1 drivers
v0x55c6539ba230_0 .var "data_reg", 7 0;
v0x55c6539ba2f0_0 .var "n_data_bits_next", 2 0;
v0x55c6539ba420_0 .var "n_data_bits_reg", 2 0;
v0x55c6539ba500_0 .net "reset", 0 0, v0x55c6539bd710_0;  alias, 1 drivers
v0x55c6539ba5a0_0 .net "rx", 0 0, v0x55c6539bd7d0_0;  alias, 1 drivers
v0x55c6539ba660_0 .var "rx_done_tick", 0 0;
v0x55c6539ba720_0 .net "s_tick", 0 0, v0x55c6539b6370_0;  alias, 1 drivers
v0x55c6539ba7c0_0 .var "s_tick_next", 3 0;
v0x55c6539ba880_0 .var "s_tick_reg", 3 0;
v0x55c6539ba960_0 .var "state_next", 1 0;
v0x55c6539baa40_0 .var "state_reg", 1 0;
E_0x55c6539b9f10/0 .event anyedge, v0x55c6539baa40_0, v0x55c6539ba230_0, v0x55c6539ba420_0, v0x55c6539ba880_0;
E_0x55c6539b9f10/1 .event anyedge, v0x55c6539ba5a0_0, v0x55c6539b6370_0;
E_0x55c6539b9f10 .event/or E_0x55c6539b9f10/0, E_0x55c6539b9f10/1;
S_0x55c6539bac20 .scope module, "uart_tx_inst" "uart_tx" 3 141, 9 1 0, S_0x55c6539b4f00;
 .timescale -9 -12;
    .port_info 0 /INPUT 1 "clk";
    .port_info 1 /INPUT 1 "reset";
    .port_info 2 /INPUT 1 "tx";
    .port_info 3 /INPUT 1 "s_tick";
    .port_info 4 /INPUT 8 "data_in";
    .port_info 5 /OUTPUT 1 "tx_done_tick";
    .port_info 6 /OUTPUT 1 "tx_serial";
P_0x55c6539badb0 .param/l "DATA" 1 9 21, C4<10>;
P_0x55c6539badf0 .param/l "IDLE" 1 9 19, C4<00>;
P_0x55c6539bae30 .param/l "NB_DATA" 0 9 2, +C4<00000000000000000000000000001000>;
P_0x55c6539bae70 .param/l "START" 1 9 20, C4<01>;
P_0x55c6539baeb0 .param/l "STOP" 1 9 22, C4<11>;
P_0x55c6539baef0 .param/l "S_TICK" 0 9 3, +C4<00000000000000000000000000010000>;
L_0x55c6539bdf40 .functor BUFZ 1, v0x55c6539bbf80_0, C4<0>, C4<0>, C4<0>;
v0x55c6539bb360_0 .net "clk", 0 0, v0x55c6539bd650_0;  alias, 1 drivers
v0x55c6539bb420_0 .net "data_in", 7 0, v0x55c6539b74b0_0;  alias, 1 drivers
v0x55c6539bb510_0 .var "data_next", 7 0;
v0x55c6539bb5e0_0 .var "data_reg", 7 0;
v0x55c6539bb6c0_0 .var "n_data_bits_next", 2 0;
v0x55c6539bb7a0_0 .var "n_data_bits_reg", 2 0;
v0x55c6539bb880_0 .net "reset", 0 0, v0x55c6539bd710_0;  alias, 1 drivers
v0x55c6539bb920_0 .net "s_tick", 0 0, v0x55c6539b6370_0;  alias, 1 drivers
v0x55c6539bb9c0_0 .var "s_tick_next", 3 0;
v0x55c6539bbaa0_0 .var "s_tick_reg", 3 0;
v0x55c6539bbb80_0 .var "state_next", 1 0;
v0x55c6539bbc60_0 .var "state_reg", 1 0;
v0x55c6539bbd40_0 .net "tx", 0 0, L_0x55c6539bdf40;  alias, 1 drivers
v0x55c6539bbe00_0 .var "tx_done_tick", 0 0;
v0x55c6539bbec0_0 .var "tx_next", 0 0;
v0x55c6539bbf80_0 .var "tx_reg", 0 0;
v0x55c6539bc040_0 .net "tx_serial", 0 0, L_0x55c6539bdf40;  alias, 1 drivers
E_0x55c6539bb2d0/0 .event anyedge, v0x55c6539bbc60_0, v0x55c6539bb5e0_0, v0x55c6539bb7a0_0, v0x55c6539bbaa0_0;
E_0x55c6539bb2d0/1 .event anyedge, v0x55c6539bbf80_0, v0x55c6539bbd40_0, v0x55c6539b74b0_0, v0x55c6539b6370_0;
E_0x55c6539bb2d0 .event/or E_0x55c6539bb2d0/0, E_0x55c6539bb2d0/1;
    .scope S_0x55c6539b5c80;
T_1 ;
    %wait E_0x55c65397ab70;
    %load/vec4 v0x55c6539b62a0_0;
    %flag_set/vec4 8;
    %jmp/0xz  T_1.0, 8;
    %pushi/vec4 0, 0, 10;
    %assign/vec4 v0x55c6539b61c0_0, 0;
    %pushi/vec4 0, 0, 1;
    %assign/vec4 v0x55c6539b6370_0, 0;
    %jmp T_1.1;
T_1.0 ;
    %load/vec4 v0x55c6539b61c0_0;
    %pad/u 32;
    %cmpi/e 650, 0, 32;
    %jmp/0xz  T_1.2, 4;
    %pushi/vec4 0, 0, 10;
    %assign/vec4 v0x55c6539b61c0_0, 0;
    %pushi/vec4 1, 0, 1;
    %assign/vec4 v0x55c6539b6370_0, 0;
    %jmp T_1.3;
T_1.2 ;
    %load/vec4 v0x55c6539b61c0_0;
    %addi 1, 0, 10;
    %assign/vec4 v0x55c6539b61c0_0, 0;
    %pushi/vec4 0, 0, 1;
    %assign/vec4 v0x55c6539b6370_0, 0;
T_1.3 ;
T_1.1 ;
    %jmp T_1;
    .thread T_1;
    .scope S_0x55c6539b9840;
T_2 ;
    %wait E_0x55c65397ab70;
    %load/vec4 v0x55c6539ba500_0;
    %flag_set/vec4 8;
    %jmp/0xz  T_2.0, 8;
    %pushi/vec4 0, 0, 2;
    %assign/vec4 v0x55c6539baa40_0, 0;
    %pushi/vec4 0, 0, 3;
    %assign/vec4 v0x55c6539ba420_0, 0;
    %pushi/vec4 0, 0, 4;
    %assign/vec4 v0x55c6539ba880_0, 0;
    %pushi/vec4 0, 0, 8;
    %assign/vec4 v0x55c6539ba230_0, 0;
    %jmp T_2.1;
T_2.0 ;
    %load/vec4 v0x55c6539ba960_0;
    %assign/vec4 v0x55c6539baa40_0, 0;
    %load/vec4 v0x55c6539ba2f0_0;
    %assign/vec4 v0x55c6539ba420_0, 0;
    %load/vec4 v0x55c6539ba7c0_0;
    %assign/vec4 v0x55c6539ba880_0, 0;
    %load/vec4 v0x55c6539ba050_0;
    %assign/vec4 v0x55c6539ba230_0, 0;
T_2.1 ;
    %jmp T_2;
    .thread T_2;
    .scope S_0x55c6539b9840;
T_3 ;
    %wait E_0x55c6539b9f10;
    %load/vec4 v0x55c6539baa40_0;
    %store/vec4 v0x55c6539ba960_0, 0, 2;
    %pushi/vec4 0, 0, 1;
    %store/vec4 v0x55c6539ba660_0, 0, 1;
    %load/vec4 v0x55c6539ba230_0;
    %store/vec4 v0x55c6539ba050_0, 0, 8;
    %load/vec4 v0x55c6539ba420_0;
    %store/vec4 v0x55c6539ba2f0_0, 0, 3;
    %load/vec4 v0x55c6539ba880_0;
    %store/vec4 v0x55c6539ba7c0_0, 0, 4;
    %load/vec4 v0x55c6539baa40_0;
    %dup/vec4;
    %pushi/vec4 0, 0, 2;
    %cmp/u;
    %jmp/1 T_3.0, 6;
    %dup/vec4;
    %pushi/vec4 1, 0, 2;
    %cmp/u;
    %jmp/1 T_3.1, 6;
    %dup/vec4;
    %pushi/vec4 2, 0, 2;
    %cmp/u;
    %jmp/1 T_3.2, 6;
    %dup/vec4;
    %pushi/vec4 3, 0, 2;
    %cmp/u;
    %jmp/1 T_3.3, 6;
    %jmp T_3.4;
T_3.0 ;
    %load/vec4 v0x55c6539ba5a0_0;
    %inv;
    %flag_set/vec4 8;
    %jmp/0xz  T_3.5, 8;
    %pushi/vec4 1, 0, 2;
    %store/vec4 v0x55c6539ba960_0, 0, 2;
    %pushi/vec4 0, 0, 4;
    %store/vec4 v0x55c6539ba7c0_0, 0, 4;
T_3.5 ;
    %jmp T_3.4;
T_3.1 ;
    %load/vec4 v0x55c6539ba720_0;
    %flag_set/vec4 8;
    %jmp/0xz  T_3.7, 8;
    %load/vec4 v0x55c6539ba880_0;
    %pad/u 32;
    %cmpi/e 7, 0, 32;
    %jmp/0xz  T_3.9, 4;
    %pushi/vec4 0, 0, 4;
    %store/vec4 v0x55c6539ba7c0_0, 0, 4;
    %pushi/vec4 0, 0, 3;
    %store/vec4 v0x55c6539ba2f0_0, 0, 3;
    %pushi/vec4 2, 0, 2;
    %store/vec4 v0x55c6539ba960_0, 0, 2;
    %jmp T_3.10;
T_3.9 ;
    %load/vec4 v0x55c6539ba880_0;
    %addi 1, 0, 4;
    %store/vec4 v0x55c6539ba7c0_0, 0, 4;
T_3.10 ;
T_3.7 ;
    %jmp T_3.4;
T_3.2 ;
    %load/vec4 v0x55c6539ba720_0;
    %flag_set/vec4 8;
    %jmp/0xz  T_3.11, 8;
    %load/vec4 v0x55c6539ba880_0;
    %pad/u 32;
    %cmpi/e 15, 0, 32;
    %jmp/0xz  T_3.13, 4;
    %pushi/vec4 0, 0, 4;
    %store/vec4 v0x55c6539ba7c0_0, 0, 4;
    %load/vec4 v0x55c6539ba5a0_0;
    %load/vec4 v0x55c6539ba230_0;
    %parti/s 7, 1, 2;
    %concat/vec4; draw_concat_vec4
    %store/vec4 v0x55c6539ba050_0, 0, 8;
    %load/vec4 v0x55c6539ba420_0;
    %pad/u 32;
    %cmpi/e 7, 0, 32;
    %jmp/0xz  T_3.15, 4;
    %pushi/vec4 3, 0, 2;
    %store/vec4 v0x55c6539ba960_0, 0, 2;
    %jmp T_3.16;
T_3.15 ;
    %load/vec4 v0x55c6539ba420_0;
    %addi 1, 0, 3;
    %store/vec4 v0x55c6539ba2f0_0, 0, 3;
T_3.16 ;
    %jmp T_3.14;
T_3.13 ;
    %load/vec4 v0x55c6539ba880_0;
    %addi 1, 0, 4;
    %store/vec4 v0x55c6539ba7c0_0, 0, 4;
T_3.14 ;
T_3.11 ;
    %jmp T_3.4;
T_3.3 ;
    %load/vec4 v0x55c6539ba720_0;
    %flag_set/vec4 8;
    %jmp/0xz  T_3.17, 8;
    %load/vec4 v0x55c6539ba880_0;
    %pad/u 32;
    %cmpi/e 15, 0, 32;
    %jmp/0xz  T_3.19, 4;
    %pushi/vec4 0, 0, 2;
    %store/vec4 v0x55c6539ba960_0, 0, 2;
    %pushi/vec4 1, 0, 1;
    %store/vec4 v0x55c6539ba660_0, 0, 1;
    %jmp T_3.20;
T_3.19 ;
    %load/vec4 v0x55c6539ba880_0;
    %addi 1, 0, 4;
    %store/vec4 v0x55c6539ba7c0_0, 0, 4;
T_3.20 ;
T_3.17 ;
    %jmp T_3.4;
T_3.4 ;
    %pop/vec4 1;
    %jmp T_3;
    .thread T_3, $push;
    .scope S_0x55c6539b8150;
T_4 ;
    %wait E_0x55c65397ab70;
    %load/vec4 v0x55c6539b9630_0;
    %flag_set/vec4 9;
    %flag_get/vec4 9;
    %jmp/0 T_4.2, 9;
    %load/vec4 v0x55c6539b8e10_0;
    %nor/r;
    %and;
T_4.2;
    %flag_set/vec4 8;
    %jmp/0xz  T_4.0, 8;
    %load/vec4 v0x55c6539b92a0_0;
    %load/vec4 v0x55c6539b9550_0;
    %pad/u 6;
    %ix/vec4 3;
    %ix/load 4, 0, 0; Constant delay
    %assign/vec4/a/d v0x55c6539b8890, 0, 4;
T_4.0 ;
    %jmp T_4;
    .thread T_4;
    .scope S_0x55c6539b8150;
T_5 ;
    %wait E_0x55c6539b8560;
    %load/vec4 v0x55c6539b9200_0;
    %flag_set/vec4 8;
    %jmp/0xz  T_5.0, 8;
    %pushi/vec4 0, 0, 4;
    %assign/vec4 v0x55c6539b9550_0, 0;
    %pushi/vec4 0, 0, 4;
    %assign/vec4 v0x55c6539b9050_0, 0;
    %pushi/vec4 0, 0, 1;
    %assign/vec4 v0x55c6539b8e10_0, 0;
    %pushi/vec4 1, 0, 1;
    %assign/vec4 v0x55c6539b8bd0_0, 0;
    %jmp T_5.1;
T_5.0 ;
    %load/vec4 v0x55c6539b9470_0;
    %assign/vec4 v0x55c6539b9550_0, 0;
    %load/vec4 v0x55c6539b8f90_0;
    %assign/vec4 v0x55c6539b9050_0, 0;
    %load/vec4 v0x55c6539b8d50_0;
    %assign/vec4 v0x55c6539b8e10_0, 0;
    %load/vec4 v0x55c6539b8b30_0;
    %assign/vec4 v0x55c6539b8bd0_0, 0;
T_5.1 ;
    %jmp T_5;
    .thread T_5;
    .scope S_0x55c6539b8150;
T_6 ;
    %wait E_0x55c65399af10;
    %load/vec4 v0x55c6539b9550_0;
    %store/vec4 v0x55c6539b9470_0, 0, 4;
    %load/vec4 v0x55c6539b9050_0;
    %store/vec4 v0x55c6539b8f90_0, 0, 4;
    %load/vec4 v0x55c6539b8e10_0;
    %store/vec4 v0x55c6539b8d50_0, 0, 1;
    %load/vec4 v0x55c6539b8bd0_0;
    %store/vec4 v0x55c6539b8b30_0, 0, 1;
    %load/vec4 v0x55c6539b9630_0;
    %flag_set/vec4 11;
    %flag_get/vec4 11;
    %jmp/0 T_6.4, 11;
    %load/vec4 v0x55c6539b8e10_0;
    %nor/r;
    %and;
T_6.4;
    %flag_set/vec4 10;
    %flag_get/vec4 10;
    %jmp/0 T_6.3, 10;
    %load/vec4 v0x55c6539b9130_0;
    %and;
T_6.3;
    %flag_set/vec4 9;
    %flag_get/vec4 9;
    %jmp/0 T_6.2, 9;
    %load/vec4 v0x55c6539b8bd0_0;
    %nor/r;
    %and;
T_6.2;
    %flag_set/vec4 8;
    %jmp/0xz  T_6.0, 8;
    %load/vec4 v0x55c6539b9550_0;
    %addi 1, 0, 4;
    %store/vec4 v0x55c6539b9470_0, 0, 4;
    %load/vec4 v0x55c6539b9050_0;
    %addi 1, 0, 4;
    %store/vec4 v0x55c6539b8f90_0, 0, 4;
    %jmp T_6.1;
T_6.0 ;
    %load/vec4 v0x55c6539b9630_0;
    %flag_set/vec4 9;
    %flag_get/vec4 9;
    %jmp/0 T_6.7, 9;
    %load/vec4 v0x55c6539b8e10_0;
    %nor/r;
    %and;
T_6.7;
    %flag_set/vec4 8;
    %jmp/0xz  T_6.5, 8;
    %load/vec4 v0x55c6539b9550_0;
    %addi 1, 0, 4;
    %store/vec4 v0x55c6539b9470_0, 0, 4;
    %pushi/vec4 0, 0, 1;
    %store/vec4 v0x55c6539b8b30_0, 0, 1;
    %load/vec4 v0x55c6539b9550_0;
    %pad/u 32;
    %addi 1, 0, 32;
    %load/vec4 v0x55c6539b9050_0;
    %pad/u 32;
    %cmp/e;
    %jmp/0xz  T_6.8, 4;
    %pushi/vec4 1, 0, 1;
    %store/vec4 v0x55c6539b8d50_0, 0, 1;
T_6.8 ;
    %jmp T_6.6;
T_6.5 ;
    %load/vec4 v0x55c6539b9130_0;
    %flag_set/vec4 9;
    %flag_get/vec4 9;
    %jmp/0 T_6.12, 9;
    %load/vec4 v0x55c6539b8bd0_0;
    %nor/r;
    %and;
T_6.12;
    %flag_set/vec4 8;
    %jmp/0xz  T_6.10, 8;
    %load/vec4 v0x55c6539b9050_0;
    %addi 1, 0, 4;
    %store/vec4 v0x55c6539b8f90_0, 0, 4;
    %pushi/vec4 0, 0, 1;
    %store/vec4 v0x55c6539b8d50_0, 0, 1;
    %load/vec4 v0x55c6539b9050_0;
    %pad/u 32;
    %addi 1, 0, 32;
    %load/vec4 v0x55c6539b9550_0;
    %pad/u 32;
    %cmp/e;
    %jmp/0xz  T_6.13, 4;
    %pushi/vec4 1, 0, 1;
    %store/vec4 v0x55c6539b8b30_0, 0, 1;
T_6.13 ;
T_6.10 ;
T_6.6 ;
T_6.1 ;
    %jmp T_6;
    .thread T_6, $push;
    .scope S_0x55c6539b64b0;
T_7 ;
    %wait E_0x55c65397ab70;
    %load/vec4 v0x55c6539b7b70_0;
    %flag_set/vec4 8;
    %jmp/0xz  T_7.0, 8;
    %pushi/vec4 1, 0, 6;
    %assign/vec4 v0x55c6539b7d50_0, 0;
    %pushi/vec4 0, 0, 8;
    %assign/vec4 v0x55c6539b77f0_0, 0;
    %pushi/vec4 0, 0, 8;
    %assign/vec4 v0x55c6539b78d0_0, 0;
    %pushi/vec4 0, 0, 6;
    %assign/vec4 v0x55c6539b79b0_0, 0;
    %pushi/vec4 0, 0, 8;
    %assign/vec4 v0x55c6539b7a90_0, 0;
    %jmp T_7.1;
T_7.0 ;
    %load/vec4 v0x55c6539b7650_0;
    %assign/vec4 v0x55c6539b7d50_0, 0;
    %load/vec4 v0x55c6539b7d50_0;
    %cmpi/e 2, 0, 6;
    %flag_get/vec4 4;
    %jmp/0 T_7.5, 4;
    %load/vec4 v0x55c6539b7730_0;
    %and;
T_7.5;
    %flag_set/vec4 9;
    %flag_get/vec4 9;
    %jmp/0 T_7.4, 9;
    %load/vec4 v0x55c6539b7590_0;
    %nor/r;
    %and;
T_7.4;
    %flag_set/vec4 8;
    %jmp/0xz  T_7.2, 8;
    %load/vec4 v0x55c6539b73f0_0;
    %assign/vec4 v0x55c6539b77f0_0, 0;
T_7.2 ;
    %load/vec4 v0x55c6539b7d50_0;
    %cmpi/e 4, 0, 6;
    %flag_get/vec4 4;
    %jmp/0 T_7.9, 4;
    %load/vec4 v0x55c6539b7730_0;
    %and;
T_7.9;
    %flag_set/vec4 9;
    %flag_get/vec4 9;
    %jmp/0 T_7.8, 9;
    %load/vec4 v0x55c6539b7590_0;
    %nor/r;
    %and;
T_7.8;
    %flag_set/vec4 8;
    %jmp/0xz  T_7.6, 8;
    %load/vec4 v0x55c6539b73f0_0;
    %assign/vec4 v0x55c6539b78d0_0, 0;
T_7.6 ;
    %load/vec4 v0x55c6539b7d50_0;
    %cmpi/e 8, 0, 6;
    %flag_get/vec4 4;
    %jmp/0 T_7.13, 4;
    %load/vec4 v0x55c6539b7730_0;
    %and;
T_7.13;
    %flag_set/vec4 9;
    %flag_get/vec4 9;
    %jmp/0 T_7.12, 9;
    %load/vec4 v0x55c6539b7590_0;
    %nor/r;
    %and;
T_7.12;
    %flag_set/vec4 8;
    %jmp/0xz  T_7.10, 8;
    %load/vec4 v0x55c6539b73f0_0;
    %parti/s 6, 0, 2;
    %assign/vec4 v0x55c6539b79b0_0, 0;
T_7.10 ;
    %load/vec4 v0x55c6539b72b0_0;
    %flag_set/vec4 8;
    %jmp/0xz  T_7.14, 8;
    %load/vec4 v0x55c6539b70f0_0;
    %assign/vec4 v0x55c6539b7a90_0, 0;
T_7.14 ;
T_7.1 ;
    %jmp T_7;
    .thread T_7;
    .scope S_0x55c6539b64b0;
T_8 ;
    %wait E_0x55c65399af50;
    %load/vec4 v0x55c6539b7d50_0;
    %store/vec4 v0x55c6539b7650_0, 0, 6;
    %load/vec4 v0x55c6539b7d50_0;
    %dup/vec4;
    %pushi/vec4 1, 0, 6;
    %cmp/u;
    %jmp/1 T_8.0, 6;
    %dup/vec4;
    %pushi/vec4 2, 0, 6;
    %cmp/u;
    %jmp/1 T_8.1, 6;
    %dup/vec4;
    %pushi/vec4 4, 0, 6;
    %cmp/u;
    %jmp/1 T_8.2, 6;
    %dup/vec4;
    %pushi/vec4 8, 0, 6;
    %cmp/u;
    %jmp/1 T_8.3, 6;
    %dup/vec4;
    %pushi/vec4 16, 0, 6;
    %cmp/u;
    %jmp/1 T_8.4, 6;
    %dup/vec4;
    %pushi/vec4 32, 0, 6;
    %cmp/u;
    %jmp/1 T_8.5, 6;
    %pushi/vec4 1, 0, 6;
    %store/vec4 v0x55c6539b7650_0, 0, 6;
    %jmp T_8.7;
T_8.0 ;
    %load/vec4 v0x55c6539b73f0_0;
    %cmpi/e 255, 0, 8;
    %flag_get/vec4 4;
    %jmp/0 T_8.10, 4;
    %load/vec4 v0x55c6539b7590_0;
    %nor/r;
    %and;
T_8.10;
    %flag_set/vec4 8;
    %jmp/0xz  T_8.8, 8;
    %pushi/vec4 2, 0, 6;
    %store/vec4 v0x55c6539b7650_0, 0, 6;
T_8.8 ;
    %jmp T_8.7;
T_8.1 ;
    %load/vec4 v0x55c6539b7590_0;
    %nor/r;
    %flag_set/vec4 8;
    %jmp/0xz  T_8.11, 8;
    %pushi/vec4 4, 0, 6;
    %store/vec4 v0x55c6539b7650_0, 0, 6;
T_8.11 ;
    %jmp T_8.7;
T_8.2 ;
    %load/vec4 v0x55c6539b7590_0;
    %nor/r;
    %flag_set/vec4 8;
    %jmp/0xz  T_8.13, 8;
    %pushi/vec4 8, 0, 6;
    %store/vec4 v0x55c6539b7650_0, 0, 6;
T_8.13 ;
    %jmp T_8.7;
T_8.3 ;
    %load/vec4 v0x55c6539b7590_0;
    %nor/r;
    %flag_set/vec4 8;
    %jmp/0xz  T_8.15, 8;
    %pushi/vec4 16, 0, 6;
    %store/vec4 v0x55c6539b7650_0, 0, 6;
T_8.15 ;
    %jmp T_8.7;
T_8.4 ;
    %load/vec4 v0x55c6539b72b0_0;
    %flag_set/vec4 8;
    %jmp/0xz  T_8.17, 8;
    %pushi/vec4 32, 0, 6;
    %store/vec4 v0x55c6539b7650_0, 0, 6;
T_8.17 ;
    %jmp T_8.7;
T_8.5 ;
    %load/vec4 v0x55c6539b7e10_0;
    %nor/r;
    %flag_set/vec4 8;
    %jmp/0xz  T_8.19, 8;
    %pushi/vec4 1, 0, 6;
    %store/vec4 v0x55c6539b7650_0, 0, 6;
T_8.19 ;
    %jmp T_8.7;
T_8.7 ;
    %pop/vec4 1;
    %jmp T_8;
    .thread T_8, $push;
    .scope S_0x55c6539b64b0;
T_9 ;
    %wait E_0x55c653923230;
    %pushi/vec4 0, 0, 1;
    %store/vec4 v0x55c6539b7730_0, 0, 1;
    %pushi/vec4 0, 0, 1;
    %store/vec4 v0x55c6539b7ed0_0, 0, 1;
    %pushi/vec4 0, 0, 8;
    %store/vec4 v0x55c6539b74b0_0, 0, 8;
    %pushi/vec4 0, 0, 1;
    %store/vec4 v0x55c6539b71c0_0, 0, 1;
    %load/vec4 v0x55c6539b79b0_0;
    %store/vec4 v0x55c6539b6ff0_0, 0, 6;
    %load/vec4 v0x55c6539b77f0_0;
    %store/vec4 v0x55c6539b6e40_0, 0, 8;
    %load/vec4 v0x55c6539b78d0_0;
    %store/vec4 v0x55c6539b6f20_0, 0, 8;
    %load/vec4 v0x55c6539b7d50_0;
    %dup/vec4;
    %pushi/vec4 1, 0, 6;
    %cmp/u;
    %jmp/1 T_9.0, 6;
    %dup/vec4;
    %pushi/vec4 2, 0, 6;
    %cmp/u;
    %jmp/1 T_9.1, 6;
    %dup/vec4;
    %pushi/vec4 4, 0, 6;
    %cmp/u;
    %jmp/1 T_9.2, 6;
    %dup/vec4;
    %pushi/vec4 8, 0, 6;
    %cmp/u;
    %jmp/1 T_9.3, 6;
    %dup/vec4;
    %pushi/vec4 16, 0, 6;
    %cmp/u;
    %jmp/1 T_9.4, 6;
    %dup/vec4;
    %pushi/vec4 32, 0, 6;
    %cmp/u;
    %jmp/1 T_9.5, 6;
    %jmp T_9.6;
T_9.0 ;
    %load/vec4 v0x55c6539b7590_0;
    %nor/r;
    %store/vec4 v0x55c6539b7730_0, 0, 1;
    %jmp T_9.6;
T_9.1 ;
    %load/vec4 v0x55c6539b7590_0;
    %nor/r;
    %store/vec4 v0x55c6539b7730_0, 0, 1;
    %jmp T_9.6;
T_9.2 ;
    %load/vec4 v0x55c6539b7590_0;
    %nor/r;
    %store/vec4 v0x55c6539b7730_0, 0, 1;
    %jmp T_9.6;
T_9.3 ;
    %load/vec4 v0x55c6539b7590_0;
    %nor/r;
    %store/vec4 v0x55c6539b7730_0, 0, 1;
    %jmp T_9.6;
T_9.4 ;
    %pushi/vec4 1, 0, 1;
    %store/vec4 v0x55c6539b71c0_0, 0, 1;
    %jmp T_9.6;
T_9.5 ;
    %load/vec4 v0x55c6539b7e10_0;
    %nor/r;
    %store/vec4 v0x55c6539b7ed0_0, 0, 1;
    %load/vec4 v0x55c6539b7a90_0;
    %store/vec4 v0x55c6539b74b0_0, 0, 8;
    %jmp T_9.6;
T_9.6 ;
    %pop/vec4 1;
    %jmp T_9;
    .thread T_9, $push;
    .scope S_0x55c6539b52a0;
T_10 ;
    %wait E_0x55c65397b170;
    %pushi/vec4 0, 0, 8;
    %store/vec4 v0x55c65398e7f0_0, 0, 8;
    %pushi/vec4 0, 0, 9;
    %store/vec4 v0x55c6539894b0_0, 0, 9;
    %pushi/vec4 0, 0, 1;
    %store/vec4 v0x55c6539b5960_0, 0, 1;
    %pushi/vec4 0, 0, 1;
    %store/vec4 v0x55c6539b5b00_0, 0, 1;
    %load/vec4 v0x55c6539b5830_0;
    %dup/vec4;
    %pushi/vec4 32, 0, 6;
    %cmp/u;
    %jmp/1 T_10.0, 6;
    %dup/vec4;
    %pushi/vec4 34, 0, 6;
    %cmp/u;
    %jmp/1 T_10.1, 6;
    %dup/vec4;
    %pushi/vec4 36, 0, 6;
    %cmp/u;
    %jmp/1 T_10.2, 6;
    %dup/vec4;
    %pushi/vec4 37, 0, 6;
    %cmp/u;
    %jmp/1 T_10.3, 6;
    %dup/vec4;
    %pushi/vec4 39, 0, 6;
    %cmp/u;
    %jmp/1 T_10.4, 6;
    %dup/vec4;
    %pushi/vec4 38, 0, 6;
    %cmp/u;
    %jmp/1 T_10.5, 6;
    %dup/vec4;
    %pushi/vec4 2, 0, 6;
    %cmp/u;
    %jmp/1 T_10.6, 6;
    %dup/vec4;
    %pushi/vec4 3, 0, 6;
    %cmp/u;
    %jmp/1 T_10.7, 6;
    %pushi/vec4 0, 0, 10;
    %split/vec4 8;
    %store/vec4 v0x55c65398e7f0_0, 0, 8;
    %split/vec4 1;
    %store/vec4 v0x55c6539b5b00_0, 0, 1;
    %store/vec4 v0x55c6539b5960_0, 0, 1;
    %jmp T_10.9;
T_10.0 ;
    %load/vec4 v0x55c6539b5660_0;
    %pad/u 9;
    %load/vec4 v0x55c6539b5750_0;
    %pad/u 9;
    %add;
    %store/vec4 v0x55c6539894b0_0, 0, 9;
    %load/vec4 v0x55c6539894b0_0;
    %parti/s 8, 0, 2;
    %store/vec4 v0x55c65398e7f0_0, 0, 8;
    %load/vec4 v0x55c6539894b0_0;
    %parti/s 1, 8, 5;
    %store/vec4 v0x55c6539b5960_0, 0, 1;
    %jmp T_10.9;
T_10.1 ;
    %pushi/vec4 0, 0, 1;
    %load/vec4 v0x55c6539b5660_0;
    %concat/vec4; draw_concat_vec4
    %pushi/vec4 0, 0, 1;
    %load/vec4 v0x55c6539b5750_0;
    %concat/vec4; draw_concat_vec4
    %sub;
    %store/vec4 v0x55c6539894b0_0, 0, 9;
    %load/vec4 v0x55c6539894b0_0;
    %parti/s 8, 0, 2;
    %store/vec4 v0x55c65398e7f0_0, 0, 8;
    %load/vec4 v0x55c6539894b0_0;
    %parti/s 1, 8, 5;
    %store/vec4 v0x55c6539b5960_0, 0, 1;
    %jmp T_10.9;
T_10.2 ;
    %load/vec4 v0x55c6539b5660_0;
    %load/vec4 v0x55c6539b5750_0;
    %and;
    %store/vec4 v0x55c65398e7f0_0, 0, 8;
    %pushi/vec4 0, 0, 1;
    %store/vec4 v0x55c6539b5960_0, 0, 1;
    %jmp T_10.9;
T_10.3 ;
    %load/vec4 v0x55c6539b5660_0;
    %load/vec4 v0x55c6539b5750_0;
    %or;
    %store/vec4 v0x55c65398e7f0_0, 0, 8;
    %pushi/vec4 0, 0, 1;
    %store/vec4 v0x55c6539b5960_0, 0, 1;
    %jmp T_10.9;
T_10.4 ;
    %load/vec4 v0x55c6539b5660_0;
    %load/vec4 v0x55c6539b5750_0;
    %or;
    %inv;
    %store/vec4 v0x55c65398e7f0_0, 0, 8;
    %pushi/vec4 0, 0, 1;
    %store/vec4 v0x55c6539b5960_0, 0, 1;
    %jmp T_10.9;
T_10.5 ;
    %load/vec4 v0x55c6539b5660_0;
    %load/vec4 v0x55c6539b5750_0;
    %xor;
    %store/vec4 v0x55c65398e7f0_0, 0, 8;
    %pushi/vec4 0, 0, 1;
    %store/vec4 v0x55c6539b5960_0, 0, 1;
    %jmp T_10.9;
T_10.6 ;
    %load/vec4 v0x55c6539b5660_0;
    %load/vec4 v0x55c6539b5750_0;
    %parti/s 2, 6, 4;
    %ix/vec4 4;
    %shiftr 4;
    %store/vec4 v0x55c65398e7f0_0, 0, 8;
    %pushi/vec4 0, 0, 1;
    %store/vec4 v0x55c6539b5960_0, 0, 1;
    %jmp T_10.9;
T_10.7 ;
    %load/vec4 v0x55c6539b5660_0;
    %load/vec4 v0x55c6539b5750_0;
    %parti/s 2, 6, 4;
    %ix/vec4 4;
    %shiftr/s 4;
    %store/vec4 v0x55c65398e7f0_0, 0, 8;
    %pushi/vec4 0, 0, 1;
    %store/vec4 v0x55c6539b5960_0, 0, 1;
    %jmp T_10.9;
T_10.9 ;
    %pop/vec4 1;
    %load/vec4 v0x55c65398e7f0_0;
    %store/vec4 v0x55c6539b5a20_0, 0, 8;
    %load/vec4 v0x55c65398e7f0_0;
    %cmpi/e 0, 0, 8;
    %flag_mov 8, 4;
    %jmp/0 T_10.10, 8;
    %pushi/vec4 1, 0, 1;
    %jmp/1 T_10.11, 8;
T_10.10 ; End of true expr.
    %pushi/vec4 0, 0, 1;
    %jmp/0 T_10.11, 8;
 ; End of false expr.
    %blend;
T_10.11;
    %store/vec4 v0x55c6539b5b00_0, 0, 1;
    %jmp T_10;
    .thread T_10, $push;
    .scope S_0x55c6539bac20;
T_11 ;
    %wait E_0x55c65397ab70;
    %load/vec4 v0x55c6539bb880_0;
    %flag_set/vec4 8;
    %jmp/0xz  T_11.0, 8;
    %pushi/vec4 0, 0, 2;
    %assign/vec4 v0x55c6539bbc60_0, 0;
    %pushi/vec4 0, 0, 3;
    %assign/vec4 v0x55c6539bb7a0_0, 0;
    %pushi/vec4 0, 0, 4;
    %assign/vec4 v0x55c6539bbaa0_0, 0;
    %pushi/vec4 0, 0, 8;
    %assign/vec4 v0x55c6539bb5e0_0, 0;
    %pushi/vec4 1, 0, 1;
    %assign/vec4 v0x55c6539bbf80_0, 0;
    %jmp T_11.1;
T_11.0 ;
    %load/vec4 v0x55c6539bbb80_0;
    %assign/vec4 v0x55c6539bbc60_0, 0;
    %load/vec4 v0x55c6539bb6c0_0;
    %assign/vec4 v0x55c6539bb7a0_0, 0;
    %load/vec4 v0x55c6539bb9c0_0;
    %assign/vec4 v0x55c6539bbaa0_0, 0;
    %load/vec4 v0x55c6539bb510_0;
    %assign/vec4 v0x55c6539bb5e0_0, 0;
    %load/vec4 v0x55c6539bbec0_0;
    %assign/vec4 v0x55c6539bbf80_0, 0;
T_11.1 ;
    %jmp T_11;
    .thread T_11;
    .scope S_0x55c6539bac20;
T_12 ;
    %wait E_0x55c6539bb2d0;
    %load/vec4 v0x55c6539bbc60_0;
    %store/vec4 v0x55c6539bbb80_0, 0, 2;
    %pushi/vec4 0, 0, 1;
    %store/vec4 v0x55c6539bbe00_0, 0, 1;
    %load/vec4 v0x55c6539bb5e0_0;
    %store/vec4 v0x55c6539bb510_0, 0, 8;
    %load/vec4 v0x55c6539bb7a0_0;
    %store/vec4 v0x55c6539bb6c0_0, 0, 3;
    %load/vec4 v0x55c6539bbaa0_0;
    %store/vec4 v0x55c6539bb9c0_0, 0, 4;
    %load/vec4 v0x55c6539bbf80_0;
    %store/vec4 v0x55c6539bbec0_0, 0, 1;
    %load/vec4 v0x55c6539bbc60_0;
    %dup/vec4;
    %pushi/vec4 0, 0, 2;
    %cmp/u;
    %jmp/1 T_12.0, 6;
    %dup/vec4;
    %pushi/vec4 1, 0, 2;
    %cmp/u;
    %jmp/1 T_12.1, 6;
    %dup/vec4;
    %pushi/vec4 2, 0, 2;
    %cmp/u;
    %jmp/1 T_12.2, 6;
    %dup/vec4;
    %pushi/vec4 3, 0, 2;
    %cmp/u;
    %jmp/1 T_12.3, 6;
    %jmp T_12.4;
T_12.0 ;
    %pushi/vec4 1, 0, 1;
    %store/vec4 v0x55c6539bbec0_0, 0, 1;
    %load/vec4 v0x55c6539bbd40_0;
    %flag_set/vec4 8;
    %jmp/0xz  T_12.5, 8;
    %pushi/vec4 1, 0, 2;
    %store/vec4 v0x55c6539bbb80_0, 0, 2;
    %pushi/vec4 0, 0, 4;
    %store/vec4 v0x55c6539bb9c0_0, 0, 4;
    %load/vec4 v0x55c6539bb420_0;
    %store/vec4 v0x55c6539bb510_0, 0, 8;
T_12.5 ;
    %jmp T_12.4;
T_12.1 ;
    %pushi/vec4 0, 0, 1;
    %store/vec4 v0x55c6539bbec0_0, 0, 1;
    %load/vec4 v0x55c6539bb920_0;
    %flag_set/vec4 8;
    %jmp/0xz  T_12.7, 8;
    %load/vec4 v0x55c6539bbaa0_0;
    %pad/u 32;
    %cmpi/e 15, 0, 32;
    %jmp/0xz  T_12.9, 4;
    %pushi/vec4 0, 0, 4;
    %store/vec4 v0x55c6539bb9c0_0, 0, 4;
    %pushi/vec4 0, 0, 3;
    %store/vec4 v0x55c6539bb6c0_0, 0, 3;
    %pushi/vec4 2, 0, 2;
    %store/vec4 v0x55c6539bbb80_0, 0, 2;
    %jmp T_12.10;
T_12.9 ;
    %load/vec4 v0x55c6539bbaa0_0;
    %addi 1, 0, 4;
    %store/vec4 v0x55c6539bb9c0_0, 0, 4;
T_12.10 ;
T_12.7 ;
    %jmp T_12.4;
T_12.2 ;
    %load/vec4 v0x55c6539bb5e0_0;
    %parti/s 1, 0, 2;
    %store/vec4 v0x55c6539bbec0_0, 0, 1;
    %load/vec4 v0x55c6539bb920_0;
    %flag_set/vec4 8;
    %jmp/0xz  T_12.11, 8;
    %load/vec4 v0x55c6539bbaa0_0;
    %pad/u 32;
    %cmpi/e 15, 0, 32;
    %jmp/0xz  T_12.13, 4;
    %pushi/vec4 0, 0, 4;
    %store/vec4 v0x55c6539bb9c0_0, 0, 4;
    %load/vec4 v0x55c6539bb5e0_0;
    %ix/load 4, 1, 0;
    %flag_set/imm 4, 0;
    %shiftr 4;
    %store/vec4 v0x55c6539bb510_0, 0, 8;
    %load/vec4 v0x55c6539bb7a0_0;
    %pad/u 32;
    %cmpi/e 7, 0, 32;
    %jmp/0xz  T_12.15, 4;
    %pushi/vec4 3, 0, 2;
    %store/vec4 v0x55c6539bbb80_0, 0, 2;
    %jmp T_12.16;
T_12.15 ;
    %load/vec4 v0x55c6539bb7a0_0;
    %addi 1, 0, 3;
    %store/vec4 v0x55c6539bb6c0_0, 0, 3;
T_12.16 ;
    %jmp T_12.14;
T_12.13 ;
    %load/vec4 v0x55c6539bbaa0_0;
    %addi 1, 0, 4;
    %store/vec4 v0x55c6539bb9c0_0, 0, 4;
T_12.14 ;
T_12.11 ;
    %jmp T_12.4;
T_12.3 ;
    %pushi/vec4 1, 0, 1;
    %store/vec4 v0x55c6539bbec0_0, 0, 1;
    %load/vec4 v0x55c6539bb920_0;
    %flag_set/vec4 8;
    %jmp/0xz  T_12.17, 8;
    %load/vec4 v0x55c6539bbaa0_0;
    %pad/u 32;
    %cmpi/e 15, 0, 32;
    %jmp/0xz  T_12.19, 4;
    %pushi/vec4 0, 0, 2;
    %store/vec4 v0x55c6539bbb80_0, 0, 2;
    %pushi/vec4 1, 0, 1;
    %store/vec4 v0x55c6539bbe00_0, 0, 1;
    %jmp T_12.20;
T_12.19 ;
    %load/vec4 v0x55c6539bbaa0_0;
    %addi 1, 0, 4;
    %store/vec4 v0x55c6539bb9c0_0, 0, 4;
T_12.20 ;
T_12.17 ;
    %jmp T_12.4;
T_12.4 ;
    %pop/vec4 1;
    %jmp T_12;
    .thread T_12, $push;
    .scope S_0x55c6539b4f00;
T_13 ;
    %wait E_0x55c65397ab70;
    %load/vec4 v0x55c6539bceb0_0;
    %flag_set/vec4 8;
    %jmp/0xz  T_13.0, 8;
    %pushi/vec4 0, 0, 1;
    %assign/vec4 v0x55c6539bc910_0, 0;
    %jmp T_13.1;
T_13.0 ;
    %load/vec4 v0x55c6539bc870_0;
    %assign/vec4 v0x55c6539bc910_0, 0;
T_13.1 ;
    %jmp T_13;
    .thread T_13;
    .scope S_0x55c65399b380;
T_14 ;
    %pushi/vec4 0, 0, 1;
    %store/vec4 v0x55c6539bd650_0, 0, 1;
T_14.0 ;
    %delay 5000, 0;
    %load/vec4 v0x55c6539bd650_0;
    %inv;
    %store/vec4 v0x55c6539bd650_0, 0, 1;
    %jmp T_14.0;
    %end;
    .thread T_14;
    .scope S_0x55c65399b380;
T_15 ;
    %vpi_call 2 33 "$dumpfile", "sim.vcd" {0 0 0};
    %vpi_call 2 34 "$dumpvars", 32'sb00000000000000000000000000000000, S_0x55c65399b380 {0 0 0};
    %pushi/vec4 1, 0, 1;
    %store/vec4 v0x55c6539bd7d0_0, 0, 1;
    %pushi/vec4 1, 0, 1;
    %store/vec4 v0x55c6539bd710_0, 0, 1;
    %delay 200000, 0;
    %pushi/vec4 0, 0, 1;
    %store/vec4 v0x55c6539bd710_0, 0, 1;
    %delay 1041660000, 0;
    %pushi/vec4 255, 0, 8;
    %store/vec4 v0x55c653999ec0_0, 0, 8;
    %fork TD_tb_top.uart_write_byte, S_0x55c653956e80;
    %join;
    %pushi/vec4 3, 0, 8;
    %store/vec4 v0x55c653999ec0_0, 0, 8;
    %fork TD_tb_top.uart_write_byte, S_0x55c653956e80;
    %join;
    %pushi/vec4 2, 0, 8;
    %store/vec4 v0x55c653999ec0_0, 0, 8;
    %fork TD_tb_top.uart_write_byte, S_0x55c653956e80;
    %join;
    %pushi/vec4 32, 0, 8;
    %store/vec4 v0x55c653999ec0_0, 0, 8;
    %fork TD_tb_top.uart_write_byte, S_0x55c653956e80;
    %join;
    %delay 913332704, 1;
    %vpi_call 2 53 "$display", "Test finalizado. Revisar se\303\261ales en la simulaci\303\263n." {0 0 0};
    %vpi_call 2 54 "$finish" {0 0 0};
    %end;
    .thread T_15;
# The file index is used to find the file name in the following table.
:file_names 10;
    "N/A";
    "<interactive>";
    "tb_top.v";
    "top.v";
    "alu.v";
    "baud_rate_gen.v";
    "interface.v";
    "rx_fifo.v";
    "uart_rx.v";
    "uart_tx.v";
